<?xml version="1.0" encoding="UTF-8"?>
<!-- Generated by org.testng.reporters.JUnitXMLReporter -->
<testsuite ignored="1" hostname="MSI" failures="0" tests="1" name="Default test" time="7.214" errors="0" timestamp="2023-04-02T18:15:38 EEST">
  <testcase classname="qa.ui.tests.GoogleTests" name="findSpeficPage" time="2.138"/>
  <testcase classname="qa.ui.tests.GoogleTests" name="pageHasInputAndASearchButton" time="0.0">
    <ignored/>
  </testcase> <!-- pageHasInputAndASearchButton -->
</testsuite> <!-- Default test -->
